05-14-2018:07.55.24 [RunCucumber.java|505|com.selenium.framework.qa_automation.cucumber.RunCucumber|initLoad] INFO  - Initializing RunCucumber session - running Selenium Automation Framework version=3.0, build_number=20180514-1051 built on Selenium version=3.11.0 with properties file=cucumber.properties and application properties=c:/work/saf3.0/MercuryTours.properties 
05-14-2018:07.55.24 [RunCucumber.java|510|com.selenium.framework.qa_automation.cucumber.RunCucumber|initLoad] INFO  - Session output report directory is c:/work/saf3.0/cukes/cukes_output/Cukes_05-14-2018_07_55_24_EDT 
05-14-2018:07.55.24 [RunCucumber.java|200|com.selenium.framework.qa_automation.cucumber.RunCucumber|<init>] INFO  - Activating RunCucumber 
05-14-2018:07.55.25 [RunCucumber.java|898|com.selenium.framework.qa_automation.cucumber.RunCucumber|run] INFO  - Launching Cucumber with Junit runner and command-line=c:/work/saf3.0/cukes/features  --tags @mercury --tags @smoketest --glue classpath:com.selenium.framework.qa_automation.pageobject.mercurytours --glue classpath:com.selenium.framework.qa_automation.cucumber --plugin pretty --plugin html:/work/saf3.0/cukes/cukes_output/Cukes_05-14-2018_07_55_24_EDT/cucumber_rpt/ --plugin json:/work/saf3.0/cukes/cukes_output/Cukes_05-14-2018_07_55_24_EDT/cucumber_rpt/cucumber.json --plugin usage:/work/saf3.0/cukes/cukes_output/Cukes_05-14-2018_07_55_24_EDT/cucumber_rpt/cucumber-usage.json --plugin junit:/work/saf3.0/cukes/cukes_output/Cukes_05-14-2018_07_55_24_EDT/cucumber_rpt/cucumber_junit_report.xml --plugin rerun:/work/saf3.0/cukes/cukes_output/Cukes_05-14-2018_07_55_24_EDT/cucumber_rpt/rerun.feature --no-monochrome --snippets camelcase --plugin com.selenium.framework.qa_automation.cucumber.CukesFormatter --plugin com.cucumber.listener.ExtentCucumberFormatter:c:/work/saf3.0/cukes/cukes_output/Cukes_05-14-2018_07_55_24_EDT/extentReport 
05-14-2018:07.55.25 [CukesFormatter.java|264|com.selenium.framework.qa_automation.cucumber.CukesFormatter|uri] INFO  - Processing feature file=c:/work/saf3.0/cukes/features/mercurytours/setup_flight_reservations1.feature ... 
05-14-2018:07.55.25 [CukesFormatter.java|198|com.selenium.framework.qa_automation.cucumber.CukesFormatter|feature] INFO  - Executing feature="As a user of Mercury Tours, I should be able to login into the Mercury Tours website and make several flight reservations" with tags="@mercury" at lines=1 to 2 
05-14-2018:07.55.25 [PropertyStore.java|1443|com.selenium.framework.qa_automation.util.PropertyStore|logIt] INFO  - Application configuration property file to be initialized=c:/work/saf3.0/MercuryTours.properties 
05-14-2018:07.55.26 [ConfigProperties.java|525|com.selenium.framework.qa_automation.util.ConfigProperties|initialize] INFO  - ################################# Starting Application=MercuryTours Version 1.0... ################################# 
05-14-2018:07.55.26 [ConfigProperties.java|527|com.selenium.framework.qa_automation.util.ConfigProperties|initialize] INFO  - +++ Running Selenium Automation Framework, version=3.0, build_number=20180514-1051 on host name=DESKTOP-CHS2F1D running under user name=omnic +++ 
05-14-2018:07.55.26 [ConfigProperties.java|529|com.selenium.framework.qa_automation.util.ConfigProperties|initialize] INFO  - Base directory has been established to be:c:/work/saf3.0 
05-14-2018:07.55.26 [ConfigProperties.java|530|com.selenium.framework.qa_automation.util.ConfigProperties|initialize] INFO  - Logging to text logfile=c:/work/saf3.0/cukes/cukes_output/Cukes_05-14-2018_07_55_24_EDT/logs/session.log and HTML logfile=c:/work/saf3.0/cukes/cukes_output/Cukes_05-14-2018_07_55_24_EDT/logs/session_log.html ... 
05-14-2018:07.55.26 [ConfigProperties.java|532|com.selenium.framework.qa_automation.util.ConfigProperties|initialize] INFO  - RUNTIME Environment: Running Java version info=9.0.1, mixed mode, vendor=Oracle Corporation, Operating System=Windows 10 - Architecture=amd64, Total memory=266338304, Free memory=110582272, Time zone=America/New_York, Java_Home=C:\Program Files\java\jdk-9.0.1 
05-14-2018:07.55.26 [ConfigProperties.java|536|com.selenium.framework.qa_automation.util.ConfigProperties|initialize] INFO  - Classpath=c:\work\saf3.0\lib\cucumber-3.0.jar;c:\work\saf3.0\lib\mercurytours-3.0.jar;c:\work\saf3.0\lib\robot-3.0.jar;c:\work\saf3.0\lib\saf-core-3.0.jar 
05-14-2018:07.55.26 [ConfigProperties.java|537|com.selenium.framework.qa_automation.util.ConfigProperties|initialize] INFO  - Running Selenium Java version=3.11.0 
05-14-2018:07.55.26 [ConfigProperties.java|539|com.selenium.framework.qa_automation.util.ConfigProperties|initialize] INFO  - Checking and configuring application with property values from properties file=c:/work/saf3.0/MercuryTours.properties 
05-14-2018:07.55.26 [PropertyStore.java|1443|com.selenium.framework.qa_automation.util.PropertyStore|logIt] INFO  - Encrypting application configuration property file=c:/work/saf3.0/MercuryTours.properties 
05-14-2018:07.55.26 [Reporter.java|521|com.selenium.framework.qa_automation.reporter.Reporter|init] INFO  - Initializing Custom Report... 
05-14-2018:07.55.26 [Reporter.java|578|com.selenium.framework.qa_automation.reporter.Reporter|init] INFO  - Creating Custom Report using template file=c:\work\saf3.0\templates\template_tabular_search_resultset.vm and output report file=c:\work\saf3.0\cukes\cukes_output\Cukes_05-14-2018_07_55_24_EDT\customRpt\MercuryToursReport.html 
05-14-2018:07.55.26 [Cukes_Default_KeyWords.java|889|com.selenium.framework.qa_automation.cucumber.Cukes_Default_KeyWords|begin_screen_record] INFO  - Initializing screen recording at feature level for scenario='Flight reservations 1' 
05-14-2018:07.55.26 [ScreenRecorder.java|358|com.selenium.framework.qa_automation.util.ScreenRecorder|init] INFO  - Video recording session request received 
05-14-2018:07.55.27 [ScreenRecorder.java|427|com.selenium.framework.qa_automation.util.ScreenRecorder|startRecording] INFO  - Screen Recording session started ... 
05-14-2018:07.55.27 [Cukes_Default_KeyWords.java|1264|com.selenium.framework.qa_automation.cucumber.Cukes_Default_KeyWords|executeLogin] INFO  - SCENARIO=Flight reservations 1:	Logging into application with environment=UAT, usertype=, browser=chromedriver 
05-14-2018:07.55.27 [WebDriverWrapper.java|441|com.selenium.framework.qa_automation.util.WebDriverWrapper|webDriverWrapper] INFO  - Adding hook for shutting down the webdriver 
05-14-2018:07.55.27 [WebDriverWrapper.java|2599|com.selenium.framework.qa_automation.util.WebDriverWrapper|createChromeDriver] INFO  - ChromeDriver DELAY_FACTOR=2 
05-14-2018:07.55.27 [WebDriverWrapper.java|2622|com.selenium.framework.qa_automation.util.WebDriverWrapper|createChromeDriver] INFO  - Loading option setting from config file:dom.successive_dialog_time_limit=0 
05-14-2018:07.55.27 [WebDriverWrapper.java|2622|com.selenium.framework.qa_automation.util.WebDriverWrapper|createChromeDriver] INFO  - Loading option setting from config file:profile.default_content_settings.popups=0 
05-14-2018:07.55.27 [WebDriverWrapper.java|2622|com.selenium.framework.qa_automation.util.WebDriverWrapper|createChromeDriver] INFO  - Loading option setting from config file:profile.default_content_settings.notifications=0 
05-14-2018:07.55.27 [WebDriverWrapper.java|2622|com.selenium.framework.qa_automation.util.WebDriverWrapper|createChromeDriver] INFO  - Loading option setting from config file:profile.default_zoom_level=0 
05-14-2018:07.55.27 [WebDriverWrapper.java|2649|com.selenium.framework.qa_automation.util.WebDriverWrapper|createChromeDriver] INFO  - Loading argument setting from config file:start-maximized 
05-14-2018:07.55.27 [WebDriverWrapper.java|2649|com.selenium.framework.qa_automation.util.WebDriverWrapper|createChromeDriver] INFO  - Loading argument setting from config file:verbose 
05-14-2018:07.55.27 [WebDriverWrapper.java|2649|com.selenium.framework.qa_automation.util.WebDriverWrapper|createChromeDriver] INFO  - Loading argument setting from config file:disable-popup-blocking 
05-14-2018:07.55.27 [WebDriverWrapper.java|2649|com.selenium.framework.qa_automation.util.WebDriverWrapper|createChromeDriver] INFO  - Loading argument setting from config file:disable-extensions 
05-14-2018:07.55.27 [WebDriverWrapper.java|2760|com.selenium.framework.qa_automation.util.WebDriverWrapper|createChromeDriver] WARN  - Extension directory=c:/work/saf3.0/drivers/extensions/Chrome does not exist, skipping... 
05-14-2018:07.55.28 [WebDriverWrapper.java|2875|com.selenium.framework.qa_automation.util.WebDriverWrapper|createChromeDriver] INFO  - Required properties for chromedriver:download.default_directory=c:/work/saf3.0/downloads/May14_2018_07_55,directory_upgrade=true,download directory=c:/work/saf3.0/downloads/May14_2018_07_55,download.prompt_for_download=false,webdriver.chrome.driver=c:\work\saf3.0\drivers\chromedriver.exe,webdriver.chrome.logfile=c:/work/saf3.0/cukes/cukes_output/Cukes_05-14-2018_07_55_24_EDT/logs/MercuryTours_Chrome.log 
05-14-2018:07.55.29 [WebDriverWrapper.java|2897|com.selenium.framework.qa_automation.util.WebDriverWrapper|createChromeDriver] INFO  - Waiting 7 seconds for Chrome driver to initialize 
05-14-2018:07.55.36 [WebDriverWrapper.java|671|com.selenium.framework.qa_automation.util.WebDriverWrapper|webDriverWrapper] INFO  - Browser driver => chrome version=66.0.3359.170 on platform=XP 
05-14-2018:07.55.36 [WebDriverWrapper.java|3755|com.selenium.framework.qa_automation.util.WebDriverWrapper|registerEventListener] INFO  - Registered event listener=Core WebDriverWrapper 
05-14-2018:07.55.37 [WebDriverWrapper.java|737|com.selenium.framework.qa_automation.util.WebDriverWrapper|webDriverWrapper] INFO  - Webdriver's capabilities:{acceptInsecureCerts=false, acceptSslCerts=false, applicationCacheEnabled=false, browserConnectionEnabled=false, browserName=chrome, chrome={chromedriverVersion=2.36.540470 (e522d04694c7ebea4ba8821272dbef4f9b818c91), userDataDir=c:/work/saf3.0/temp}, cssSelectorsEnabled=true, databaseEnabled=false, handlesAlerts=true, hasTouchScreen=false, javascriptEnabled=true, locationContextEnabled=true, mobileEmulationEnabled=false, nativeEvents=true, networkConnectionEnabled=false, pageLoadStrategy=normal, platform=XP, platformName=XP, rotatable=false, setWindowRect=true, takesHeapSnapshot=true, takesScreenshot=true, unexpectedAlertBehaviour=, unhandledPromptBehavior=, version=66.0.3359.170, webStorageEnabled=true} 
05-14-2018:07.55.37 [WebDriverWrapper.java|741|com.selenium.framework.qa_automation.util.WebDriverWrapper|webDriverWrapper] INFO  - Note DELAY_FACTOR=2 for web driver=chromedriver will re-calculate the values for the following properties:TIMEOUT_SHORT, TIMEOUT_LONG, IMPLICIT_WAIT_TIMEOUT, PAGELOAD_TIMEOUT, SCRIPT_TIMEOUT   
05-14-2018:07.55.37 [WebDriverWrapper.java|743|com.selenium.framework.qa_automation.util.WebDriverWrapper|webDriverWrapper] INFO  - Session properties: short_timeout=10 seconds, long_timeout=20 seconds, implicit_wait=0 seconds, pageload_timeout=60 seconds, script_timeout=120 seconds, verbose=true, verbose_delay=3 seconds, snapshot=true, snapshot_on_error=true, snapshot_on_screen_changefalse, webelement_highlight=true, webelement_highlight_color=blue 
05-14-2018:07.55.37 [WebDriverWrapper.java|817|com.selenium.framework.qa_automation.util.WebDriverWrapper|webDriverWrapper] INFO  - Driver initialization completed for driver=chromedriver 
05-14-2018:07.55.37 [Cukes_Default_KeyWords.java|480|com.selenium.framework.qa_automation.cucumber.Cukes_Default_KeyWords|configuration_options] INFO  - Setting configuration options at runtime to:VERBOSE=false 
05-14-2018:07.55.37 [Cukes_Default_KeyWords.java|214|com.selenium.framework.qa_automation.cucumber.Cukes_Default_KeyWords|setRunTimeProperty] INFO  - Saving runtime key/value pair for current scenario:key=VERBOSE with value=false 
05-14-2018:07.55.37 [Cukes_Default_KeyWords.java|521|com.selenium.framework.qa_automation.cucumber.Cukes_Default_KeyWords|set_max_retries] WARN  - Calling 'set maximum retries' is only operable when using the TestNG runner, activate by changing the value of property 'cucumber_runner' to 'testng' in cucumber configuration file and re-run 
05-14-2018:07.55.37 [CukesFormatter.java|219|com.selenium.framework.qa_automation.cucumber.CukesFormatter|scenario] INFO  - Executing scenario="Flight reservations 1" with tags="@smoketest, @screen_record" at lines=11 to 12 
05-14-2018:07.55.37 [LoginPage.java|129|com.selenium.framework.qa_automation.pageobject.mercurytours.LoginPage|<init>] INFO  - Initialized Object Repository=c:/work/saf3.0/mercurytours_objectRepository.xml 
05-14-2018:07.55.37 [WebDriverWrapper.java|5135|com.selenium.framework.qa_automation.util.WebDriverWrapper|get] INFO  - Accessing website=http://www.newtours.demoaut.com 
05-14-2018:07.55.48 [WebDriverWrapper.java|5009|com.selenium.framework.qa_automation.util.WebDriverWrapper|displayComment] INFO  - Popup message(suppressed)=>Logging on with username=mercury... 
05-14-2018:07.55.52 [WebDriverWrapper.java|5009|com.selenium.framework.qa_automation.util.WebDriverWrapper|displayComment] INFO  - Popup message(suppressed)=>Welcome to the Flight Finder Page 
05-14-2018:07.55.54 [WebDriverWrapper.java|5009|com.selenium.framework.qa_automation.util.WebDriverWrapper|displayComment] INFO  - Popup message(suppressed)=>Welcome to the Select Flight Page 
05-14-2018:07.55.55 [WebDriverWrapper.java|5009|com.selenium.framework.qa_automation.util.WebDriverWrapper|displayComment] INFO  - Popup message(suppressed)=>Welcome to the Book Flight Page 
05-14-2018:07.56.01 [WebDriverWrapper.java|5009|com.selenium.framework.qa_automation.util.WebDriverWrapper|displayComment] INFO  - Popup message(suppressed)=>Welcome to the Flight Confirmation Page 
05-14-2018:07.56.01 [WebDriverWrapper.java|5009|com.selenium.framework.qa_automation.util.WebDriverWrapper|displayComment] INFO  - Popup message(suppressed)=>Logging off of Mercury Tours Application 
05-14-2018:07.56.02 [MercuryTours_Cucumber_KeyWords.java|468|com.selenium.framework.qa_automation.pageobject.mercurytours.MercuryTours_Cucumber_KeyWords|mercury_reserveItineraries] INFO  - SCENARIO=Flight reservations 1:	Successfully processed row=1, menu option='Name=Jane Doe departing from Zurich on August 23 and arriving to Acapulco and returning on September 23 traveling on airline Pangea Airlines' in menu options table 
05-14-2018:07.56.02 [Cukes_Default_KeyWords.java|703|com.selenium.framework.qa_automation.cucumber.Cukes_Default_KeyWords|scenario_should_succeed] INFO  - SCENARIO=Flight reservations 1:	Scenario succeeded as expected 
05-14-2018:07.56.02 [Cukes_Default_KeyWords.java|1045|com.selenium.framework.qa_automation.cucumber.Cukes_Default_KeyWords|afterExecution] INFO  - SCENARIO=Flight reservations 1:	Result=passed 
05-14-2018:07.56.02 [Cukes_Default_KeyWords.java|1160|com.selenium.framework.qa_automation.cucumber.Cukes_Default_KeyWords|afterExecution] INFO  - Restoring session runtime values to its previous state for this scenario:key=VERBOSE value=true 
05-14-2018:07.56.02 [Cukes_Default_KeyWords.java|980|com.selenium.framework.qa_automation.cucumber.Cukes_Default_KeyWords|after_screen_record] INFO  - Stopping screen recording at feature level for scenario='Flight reservations 1' 
05-14-2018:07.56.05 [ScreenRecorder.java|1201|com.selenium.framework.qa_automation.util.ScreenRecorder|transcode2] INFO  - Beginning video transcoding - inputFile=C:\work\saf3.0\cukes\cukes_output\Cukes_05-14-2018_07_55_24_EDT\video\tmp-2018-05-14_07.55.26.mov, please wait... 
05-14-2018:07.56.07 [ScreenRecorder.java|1205|com.selenium.framework.qa_automation.util.ScreenRecorder|transcode2] INFO  - Completed video transcoding, outputFile=C:\work\saf3.0\cukes\cukes_output\Cukes_05-14-2018_07_55_24_EDT\video\MercuryTours0-2018-05-14_07.55.26.mp4 
05-14-2018:07.56.07 [ScreenRecorder.java|1217|com.selenium.framework.qa_automation.util.ScreenRecorder|displayVideoData] INFO  - Reporting on interim and output media files 
05-14-2018:07.56.07 [ScreenRecorder.java|1225|com.selenium.framework.qa_automation.util.ScreenRecorder|displayVideoData] INFO  - Video file attributes for interim file C:\work\saf3.0\cukes\cukes_output\Cukes_05-14-2018_07_55_24_EDT\video\tmp-2018-05-14_07.55.26.mov are:streams=1, format="mov,mp4,m4a,3gp,3g2,mj2" 
05-14-2018:07.56.07 [ScreenRecorder.java|1227|com.selenium.framework.qa_automation.util.ScreenRecorder|displayVideoData] INFO  - duration (ms): 35124  
05-14-2018:07.56.07 [ScreenRecorder.java|1228|com.selenium.framework.qa_automation.util.ScreenRecorder|displayVideoData] INFO  - start time (ms): 123  
05-14-2018:07.56.07 [ScreenRecorder.java|1229|com.selenium.framework.qa_automation.util.ScreenRecorder|displayVideoData] INFO  - file size (bytes): 9104950  
05-14-2018:07.56.07 [ScreenRecorder.java|1230|com.selenium.framework.qa_automation.util.ScreenRecorder|displayVideoData] INFO  - bit rate: 2073784  
05-14-2018:07.56.07 [ScreenRecorder.java|1225|com.selenium.framework.qa_automation.util.ScreenRecorder|displayVideoData] INFO  - Video file attributes for output file C:\work\saf3.0\cukes\cukes_output\Cukes_05-14-2018_07_55_24_EDT\video\MercuryTours0-2018-05-14_07.55.26.mp4 are:streams=1, format="mov,mp4,m4a,3gp,3g2,mj2" 
05-14-2018:07.56.07 [ScreenRecorder.java|1227|com.selenium.framework.qa_automation.util.ScreenRecorder|displayVideoData] INFO  - duration (ms): 34124  
05-14-2018:07.56.07 [ScreenRecorder.java|1228|com.selenium.framework.qa_automation.util.ScreenRecorder|displayVideoData] INFO  - start time (ms): 0  
05-14-2018:07.56.07 [ScreenRecorder.java|1229|com.selenium.framework.qa_automation.util.ScreenRecorder|displayVideoData] INFO  - file size (bytes): 2509313  
05-14-2018:07.56.07 [ScreenRecorder.java|1230|com.selenium.framework.qa_automation.util.ScreenRecorder|displayVideoData] INFO  - bit rate: 588281  
05-14-2018:07.56.07 [ScreenRecorder.java|1262|com.selenium.framework.qa_automation.util.ScreenRecorder|displayVideoData] INFO  - Completed report of media files 
05-14-2018:07.56.07 [ScreenRecorder.java|517|com.selenium.framework.qa_automation.util.ScreenRecorder|stopRecording] INFO  - Screen recording stopped, file successfully saved to c:\work\saf3.0\cukes\cukes_output\Cukes_05-14-2018_07_55_24_EDT\video\MercuryTours0-2018-05-14_07.55.26.mp4 
05-14-2018:07.56.08 [RunCucumber.java|1096|com.selenium.framework.qa_automation.cucumber.RunCucumber|detailedReport] INFO  - Generated Cucumber Overview report in directory=c:/work/saf3.0/cukes/cukes_output/Cukes_05-14-2018_07_55_24_EDT/detailed_rpts/Cucumber_Results 
05-14-2018:07.56.08 [RunCucumber.java|1111|com.selenium.framework.qa_automation.cucumber.RunCucumber|detailedReport] INFO  - Generated Cucumber Detailed report in directory=c:/work/saf3.0/cukes/cukes_output/Cukes_05-14-2018_07_55_24_EDT/detailed_rpt/Cucumber_Detailed 
05-14-2018:07.56.08 [RunCucumber.java|1129|com.selenium.framework.qa_automation.cucumber.RunCucumber|detailedReport] INFO  - Generated Cucumber Coverage report in directory=c:/work/saf3.0/cukes/cukes_output/Cukes_05-14-2018_07_55_24_EDT/detailed_rpt/Cucumber-Coverage 
05-14-2018:07.56.08 [RunCucumber.java|1142|com.selenium.framework.qa_automation.cucumber.RunCucumber|detailedReport] INFO  - Generated Cucumber Usage report in directory=c:/work/saf3.0/cukes/cukes_output/Cukes_05-14-2018_07_55_24_EDT/detailed_rpt/Cucumber-Usage 
05-14-2018:07.56.09 [RunCucumber.java|1210|com.selenium.framework.qa_automation.cucumber.RunCucumber|processReport] INFO  - Generated Cucumber HTML Report into directory=c:\work\saf3.0\cukes\cukes_output\Cukes_05-14-2018_07_55_24_EDT 
05-14-2018:07.56.09 [WebDriverWrapper.java|1211|com.selenium.framework.qa_automation.util.WebDriverWrapper$ShutDown|run] INFO  - Attempting automatic shutdown of driver=chromedriver 
05-14-2018:07.56.10 [WebDriverWrapper.java|1331|com.selenium.framework.qa_automation.util.WebDriverWrapper$ShutDown|run] INFO  - Successfully shutdown webdriver=chromedriver 
05-14-2018:07.56.10 [Reporter.java|1146|com.selenium.framework.qa_automation.reporter.Reporter|generate] ERROR - Custom Report - problem getting templatefile - template_tabular_search_resultset.vm, error=Unable to find resource 'template_tabular_search_resultset.vm' 
05-14-2018:07.56.10 [Session.java|551|com.selenium.framework.qa_automation.util.Session|completed] WARN  - Error generating custom report, error=Custom Report - problem getting templatefile - template_tabular_search_resultset.vm, error=Unable to find resource 'template_tabular_search_resultset.vm' 
05-14-2018:07.56.11 [RunCucumber.java|1064|com.selenium.framework.qa_automation.cucumber.RunCucumber|run] INFO  - Feature file(s) processed in this session are:c:\work\saf3.0\cukes\features\mercurytours\setup_flight_reservations1.feature 
05-14-2018:07.56.11 [Session.java|234|com.selenium.framework.qa_automation.util.Session|end] INFO  - Session duration=46312 ms (0 hr 0 min 46 sec) 
